Assembler report for BFMPrj
Tue Mar 23 16:35:31 2021
Quartus II 64-Bit Version 14.1.0 Build 186 12/03/2014 SJ Full Version


---------------------
; Table of Contents ;
---------------------
  1. Legal Notice
  2. Assembler Summary
  3. Assembler Settings
  4. Assembler Encrypted IP Cores Summary
  5. Assembler Generated Files
  6. Assembler Device Options: E:/GH_Prj/D19013/V1_0/Logic/par/BaseBandSourcePrj/output_files/BFMPrj.sof
  7. Assembler Device Options: E:/GH_Prj/D19013/V1_0/Logic/par/BaseBandSourcePrj/output_files/BFMPrj.jam
  8. Assembler Device Options: E:/GH_Prj/D19013/V1_0/Logic/par/BaseBandSourcePrj/output_files/BFMPrj.jbc
  9. Assembler Device Options: E:/GH_Prj/D19013/V1_0/Logic/par/BaseBandSourcePrj/output_files/BFMPrj.svf
 10. Assembler Device Options: E:/GH_Prj/D19013/V1_0/Logic/par/BaseBandSourcePrj/output_files/BFMPrj.pof
 11. Assembler Device Options: E:/GH_Prj/D19013/V1_0/Logic/par/BaseBandSourcePrj/output_files/BFMPrj.ttf
 12. Assembler Device Options: E:/GH_Prj/D19013/V1_0/Logic/par/BaseBandSourcePrj/output_files/BFMPrj.rbf
 13. Assembler Messages



----------------
; Legal Notice ;
----------------
Copyright (C) 1991-2014 Altera Corporation. All rights reserved.
Your use of Altera Corporation's design tools, logic functions 
and other software and tools, and its AMPP partner logic 
functions, and any output files from any of the foregoing 
(including device programming or simulation files), and any 
associated documentation or information are expressly subject 
to the terms and conditions of the Altera Program License 
Subscription Agreement, the Altera Quartus II License Agreement,
the Altera MegaCore Function License Agreement, or other 
applicable license agreement, including, without limitation, 
that your use is for the sole purpose of programming logic 
devices manufactured by Altera and sold by Altera or its 
authorized distributors.  Please refer to the applicable 
agreement for further details.



+---------------------------------------------------------------+
; Assembler Summary                                             ;
+-----------------------+---------------------------------------+
; Assembler Status      ; Successful - Tue Mar 23 16:35:31 2021 ;
; Revision Name         ; BFMPrj                                ;
; Top-level Entity Name ; d19013_sec_ctrl_top                   ;
; Family                ; Cyclone V                             ;
; Device                ; 5CEFA9F23I7                           ;
+-----------------------+---------------------------------------+


+----------------------------------+
; Assembler Settings               ;
+--------+---------+---------------+
; Option ; Setting ; Default Value ;
+--------+---------+---------------+


+-----------------------------------------------------------+
; Assembler Encrypted IP Cores Summary                      ;
+--------+-----------------------------------+--------------+
; Vendor ; IP Core Name                      ; License Type ;
+--------+-----------------------------------+--------------+
; Altera ; NCO Compiler (6AF7 0014)          ; Licensed     ;
; Altera ; Triple-Speed Ethernet (6AF7 00BD) ; Licensed     ;
; Altera ; Signal Tap (6AF7 BCE1)            ; Licensed     ;
; Altera ; Signal Tap (6AF7 BCEC)            ; Licensed     ;
+--------+-----------------------------------+--------------+


+---------------------------------------------------------------------------+
; Assembler Generated Files                                                 ;
+---------------------------------------------------------------------------+
; File Name                                                                 ;
+---------------------------------------------------------------------------+
; E:/GH_Prj/D19013/V1_0/Logic/par/BaseBandSourcePrj/output_files/BFMPrj.sof ;
; E:/GH_Prj/D19013/V1_0/Logic/par/BaseBandSourcePrj/output_files/BFMPrj.jam ;
; E:/GH_Prj/D19013/V1_0/Logic/par/BaseBandSourcePrj/output_files/BFMPrj.jbc ;
; E:/GH_Prj/D19013/V1_0/Logic/par/BaseBandSourcePrj/output_files/BFMPrj.svf ;
; E:/GH_Prj/D19013/V1_0/Logic/par/BaseBandSourcePrj/output_files/BFMPrj.pof ;
; E:/GH_Prj/D19013/V1_0/Logic/par/BaseBandSourcePrj/output_files/BFMPrj.ttf ;
; E:/GH_Prj/D19013/V1_0/Logic/par/BaseBandSourcePrj/output_files/BFMPrj.rbf ;
+---------------------------------------------------------------------------+


+-----------------------------------------------------------------------------------------------------+
; Assembler Device Options: E:/GH_Prj/D19013/V1_0/Logic/par/BaseBandSourcePrj/output_files/BFMPrj.sof ;
+----------------+------------------------------------------------------------------------------------+
; Option         ; Setting                                                                            ;
+----------------+------------------------------------------------------------------------------------+
; Device         ; 5CEFA9F23I7                                                                        ;
; JTAG usercode  ; 0x0741D0B6                                                                         ;
; Checksum       ; 0x0741D0B6                                                                         ;
+----------------+------------------------------------------------------------------------------------+


+-----------------------------------------------------------------------------------------------------+
; Assembler Device Options: E:/GH_Prj/D19013/V1_0/Logic/par/BaseBandSourcePrj/output_files/BFMPrj.jam ;
+-------------------------+---------------------------------------------------------------------------+
; Option                  ; Setting                                                                   ;
+-------------------------+---------------------------------------------------------------------------+
; JEDEC STAPL ASCII file  ;                                                                           ;
+-------------------------+---------------------------------------------------------------------------+


+-----------------------------------------------------------------------------------------------------+
; Assembler Device Options: E:/GH_Prj/D19013/V1_0/Logic/par/BaseBandSourcePrj/output_files/BFMPrj.jbc ;
+-----------------------+-----------------------------------------------------------------------------+
; Option                ; Setting                                                                     ;
+-----------------------+-----------------------------------------------------------------------------+
; STAPL Byte Code file  ;                                                                             ;
+-----------------------+-----------------------------------------------------------------------------+


+-----------------------------------------------------------------------------------------------------+
; Assembler Device Options: E:/GH_Prj/D19013/V1_0/Logic/par/BaseBandSourcePrj/output_files/BFMPrj.svf ;
+-----------+-----------------------------------------------------------------------------------------+
; Option    ; Setting                                                                                 ;
+-----------+-----------------------------------------------------------------------------------------+
; SVF file  ;                                                                                         ;
+-----------+-----------------------------------------------------------------------------------------+


+-----------------------------------------------------------------------------------------------------+
; Assembler Device Options: E:/GH_Prj/D19013/V1_0/Logic/par/BaseBandSourcePrj/output_files/BFMPrj.pof ;
+--------------------+--------------------------------------------------------------------------------+
; Option             ; Setting                                                                        ;
+--------------------+--------------------------------------------------------------------------------+
; Device             ; EPCS128                                                                        ;
; JTAG usercode      ; 0x00000000                                                                     ;
; Checksum           ; 0xC53DABF2                                                                     ;
; Compression Ratio  ; 2                                                                              ;
+--------------------+--------------------------------------------------------------------------------+


+-----------------------------------------------------------------------------------------------------+
; Assembler Device Options: E:/GH_Prj/D19013/V1_0/Logic/par/BaseBandSourcePrj/output_files/BFMPrj.ttf ;
+--------------------+--------------------------------------------------------------------------------+
; Option             ; Setting                                                                        ;
+--------------------+--------------------------------------------------------------------------------+
; Tabular Text File  ;                                                                                ;
+--------------------+--------------------------------------------------------------------------------+


+-----------------------------------------------------------------------------------------------------+
; Assembler Device Options: E:/GH_Prj/D19013/V1_0/Logic/par/BaseBandSourcePrj/output_files/BFMPrj.rbf ;
+---------------------+-------------------------------------------------------------------------------+
; Option              ; Setting                                                                       ;
+---------------------+-------------------------------------------------------------------------------+
; Raw Binary File     ;                                                                               ;
;  Compression Ratio  ; 2                                                                             ;
+---------------------+-------------------------------------------------------------------------------+


+--------------------+
; Assembler Messages ;
+--------------------+
Info: *******************************************************************
Info: Running Quartus II 64-Bit Assembler
    Info: Version 14.1.0 Build 186 12/03/2014 SJ Full Version
    Info: Processing started: Tue Mar 23 16:34:30 2021
Info: Command: quartus_asm --read_settings_files=off --write_settings_files=off BFMPrj -c BFMPrj
Warning (125092): Tcl Script File AlteraIP/CIC/cic5/synthesis/cic5.qip not found
    Info (125063): set_global_assignment -name QIP_FILE AlteraIP/CIC/cic5/synthesis/cic5.qip
Warning (125092): Tcl Script File AlteraIP/CIC/cic3/synthesis/cic3.qip not found
    Info (125063): set_global_assignment -name QIP_FILE AlteraIP/CIC/cic3/synthesis/cic3.qip
Warning (125092): Tcl Script File AlteraIP/Arithmetic/MUL4_32.qip not found
    Info (125063): set_global_assignment -name QIP_FILE AlteraIP/Arithmetic/MUL4_32.qip
Warning (125092): Tcl Script File AlteraIP/FIFO/PcmUartTx.qip not found
    Info (125063): set_global_assignment -name QIP_FILE AlteraIP/FIFO/PcmUartTx.qip
Warning (125092): Tcl Script File AlteraIP/Arithmetic/cons_state.qip not found
    Info (125063): set_global_assignment -name QIP_FILE AlteraIP/Arithmetic/cons_state.qip
Info (115030): Assembler is generating device programming files
Warning (12914): The file, ../../ip/clk_ctrl_4to1/synthesis/../../../par/BaseBandSourcePrj/clkctr.sopcinfo, is not embedded into sof file as expected.  Some tool, such as SystemConsole, may not function fully.
Info (210117): Created JAM or JBC file for the specified chain: 
Device 1 (5CEFA9F23; E:/GH_Prj/D19013/V1_0/Logic/par/BaseBandSourcePrj/output_files/BFMPrj.sof)
Info (210117): Created JAM or JBC file for the specified chain: 
Device 1 (5CEFA9F23; E:/GH_Prj/D19013/V1_0/Logic/par/BaseBandSourcePrj/output_files/BFMPrj.sof)
Info: Quartus II 64-Bit Assembler was successful. 0 errors, 6 warnings
    Info: Peak virtual memory: 5134 megabytes
    Info: Processing ended: Tue Mar 23 16:35:31 2021
    Info: Elapsed time: 00:01:01
    Info: Total CPU time (on all processors): 00:01:01


