Info: Starting: Create block symbol file (.bsf)
Info: ip-generate --project-directory=E:\17004\BaseBandPrj_TxTest\AlteraIP\CIC --output-directory=E:\17004\BaseBandPrj_TxTest\AlteraIP\CIC\CICSoundSet --report-file=bsf:E:\17004\BaseBandPrj_TxTest\AlteraIP\CIC\CICSoundSet\CICSoundSet.bsf --system-info=DEVICE_FAMILY="Cyclone V" --system-info=DEVICE=5CEFA9F23I7 --system-info=DEVICE_SPEEDGRADE=7 --component-file=E:\17004\BaseBandPrj_TxTest\AlteraIP\CIC\CICSoundSet.qsys --remove-qsys-generate-warning
Progress: Loading CIC/CICSoundSet.qsys
Progress: Reading input file
Progress: Adding cic_ii_0 [altera_cic_ii 14.1]
Progress: Parameterizing module cic_ii_0
Progress: Building connections
Progress: Parameterizing connections
Progress: Validating
Progress: Done reading input file
Info: ip-generate succeeded.
Info: Finished: Create block symbol file (.bsf)
Info: 
Info: Starting: Create HDL design files for synthesis
Info: ip-generate --project-directory=E:\17004\BaseBandPrj_TxTest\AlteraIP\CIC --output-directory=E:\17004\BaseBandPrj_TxTest\AlteraIP\CIC\CICSoundSet\synthesis --file-set=QUARTUS_SYNTH --report-file=html:E:\17004\BaseBandPrj_TxTest\AlteraIP\CIC\CICSoundSet\CICSoundSet.html --report-file=sopcinfo:E:\17004\BaseBandPrj_TxTest\AlteraIP\CIC\CICSoundSet.sopcinfo --report-file=cmp:E:\17004\BaseBandPrj_TxTest\AlteraIP\CIC\CICSoundSet\CICSoundSet.cmp --report-file=qip:E:\17004\BaseBandPrj_TxTest\AlteraIP\CIC\CICSoundSet\synthesis\CICSoundSet.qip --report-file=svd:E:\17004\BaseBandPrj_TxTest\AlteraIP\CIC\CICSoundSet\synthesis\CICSoundSet.svd --report-file=regmap:E:\17004\BaseBandPrj_TxTest\AlteraIP\CIC\CICSoundSet\synthesis\CICSoundSet.regmap --report-file=xml:E:\17004\BaseBandPrj_TxTest\AlteraIP\CIC\CICSoundSet\CICSoundSet.xml --report-file=debuginfo:E:\17004\BaseBandPrj_TxTest\AlteraIP\CIC\CICSoundSet\synthesis\CICSoundSet.debuginfo --system-info=DEVICE_FAMILY="Cyclone V" --system-info=DEVICE=5CEFA9F23I7 --system-info=DEVICE_SPEEDGRADE=7 --component-file=E:\17004\BaseBandPrj_TxTest\AlteraIP\CIC\CICSoundSet.qsys --remove-qsys-generate-warning --language=VERILOG
Progress: Loading CIC/CICSoundSet.qsys
Progress: Reading input file
Progress: Adding cic_ii_0 [altera_cic_ii 14.1]
Progress: Parameterizing module cic_ii_0
Progress: Building connections
Progress: Parameterizing connections
Progress: Validating
Progress: Done reading input file
Info: CICSoundSet: Generating CICSoundSet "CICSoundSet" for QUARTUS_SYNTH
Info: cic_ii_0: "CICSoundSet" instantiated altera_cic_ii "cic_ii_0"
Info: CICSoundSet: Done "CICSoundSet" with 2 modules, 31 files
Info: ip-generate succeeded.
Info: Finished: Create HDL design files for synthesis
