Info: Starting: Create block symbol file (.bsf)
Info: ip-generate --project-directory=D:\19012ankong\BaseBandSourcePrj --output-directory=D:\19012ankong\BaseBandSourcePrj\PCM_NCO_DATA --report-file=bsf:D:\19012ankong\BaseBandSourcePrj\PCM_NCO_DATA\PCM_NCO_DATA.bsf --system-info=DEVICE_FAMILY="Cyclone V" --system-info=DEVICE=5CEFA9F23I7 --system-info=DEVICE_SPEEDGRADE=7 --component-file=D:\19012ankong\BaseBandSourcePrj\PCM_NCO_DATA.qsys --remove-qsys-generate-warning
Progress: Loading BaseBandSourcePrj/PCM_NCO_DATA.qsys
Progress: Reading input file
Progress: Adding nco_ii_0 [altera_nco_ii 14.1]
Progress: Parameterizing module nco_ii_0
Progress: Building connections
Progress: Parameterizing connections
Progress: Validating
Progress: Done reading input file
Info: ip-generate succeeded.
Info: Finished: Create block symbol file (.bsf)
Info: 
Info: Starting: Create HDL design files for synthesis
Info: ip-generate --project-directory=D:\19012ankong\BaseBandSourcePrj --output-directory=D:\19012ankong\BaseBandSourcePrj\PCM_NCO_DATA\synthesis --file-set=QUARTUS_SYNTH --report-file=html:D:\19012ankong\BaseBandSourcePrj\PCM_NCO_DATA\PCM_NCO_DATA.html --report-file=sopcinfo:D:\19012ankong\BaseBandSourcePrj\PCM_NCO_DATA.sopcinfo --report-file=cmp:D:\19012ankong\BaseBandSourcePrj\PCM_NCO_DATA\PCM_NCO_DATA.cmp --report-file=qip:D:\19012ankong\BaseBandSourcePrj\PCM_NCO_DATA\synthesis\PCM_NCO_DATA.qip --report-file=svd:D:\19012ankong\BaseBandSourcePrj\PCM_NCO_DATA\synthesis\PCM_NCO_DATA.svd --report-file=regmap:D:\19012ankong\BaseBandSourcePrj\PCM_NCO_DATA\synthesis\PCM_NCO_DATA.regmap --report-file=xml:D:\19012ankong\BaseBandSourcePrj\PCM_NCO_DATA\PCM_NCO_DATA.xml --report-file=debuginfo:D:\19012ankong\BaseBandSourcePrj\PCM_NCO_DATA\synthesis\PCM_NCO_DATA.debuginfo --system-info=DEVICE_FAMILY="Cyclone V" --system-info=DEVICE=5CEFA9F23I7 --system-info=DEVICE_SPEEDGRADE=7 --component-file=D:\19012ankong\BaseBandSourcePrj\PCM_NCO_DATA.qsys --remove-qsys-generate-warning --language=VERILOG
Progress: Loading BaseBandSourcePrj/PCM_NCO_DATA.qsys
Progress: Reading input file
Progress: Adding nco_ii_0 [altera_nco_ii 14.1]
Progress: Parameterizing module nco_ii_0
Progress: Building connections
Progress: Parameterizing connections
Progress: Validating
Progress: Done reading input file
Info: PCM_NCO_DATA: Generating PCM_NCO_DATA "PCM_NCO_DATA" for QUARTUS_SYNTH
Info: nco_ii_0: "PCM_NCO_DATA" instantiated altera_nco_ii "nco_ii_0"
Info: PCM_NCO_DATA: Done "PCM_NCO_DATA" with 2 modules, 21 files
Info: ip-generate succeeded.
Info: Finished: Create HDL design files for synthesis
